Build started 21-Nov-21 2:08:55 PM.
     1>Project "C:\Users\user\Desktop\ASSIGNMENTS\SP\PROJECT\19_CODE\MyBrowser\MyBrowser.vcxproj" on node 2 (build target(s)).
     1>InitializeBuildStatus:
         Creating "Debug\MyBrowser.unsuccessfulbuild" because "AlwaysCreate" was specified.
       GenerateTargetFrameworkMonikerAttribute:
       Skipping target "GenerateTargetFrameworkMonikerAttribute" because all output files are up-to-date with respect to the input files.
       ClCompile:
         C:\Program Files (x86)\Microsoft Visual Studio 10.0\VC\bin\CL.exe /c /AI"C:\Program Files (x86)\Reference Assemblies\Microsoft\Framework\.NETFramework\v4.0" /Zi /clr:pure /nologo /W3 /WX- /Od /Oy- /D WIN32 /D _DEBUG /D _UNICODE /D UNICODE /EHa /MDd /GS /fp:precise /Zc:wchar_t /Zc:forScope /Yc"StdAfx.h" /Fp"Debug\MyBrowser.pch" /Fo"Debug\\" /Fd"Debug\vc100.pdb" /TP /FU"C:\Program Files (x86)\Reference Assemblies\Microsoft\Framework\.NETFramework\v4.0\System.Core.dll" /FU"C:\Program Files (x86)\Reference Assemblies\Microsoft\Framework\.NETFramework\v4.0\System.Data.dll" /FU"C:\Program Files (x86)\Reference Assemblies\Microsoft\Framework\.NETFramework\v4.0\System.dll" /FU"C:\Program Files (x86)\Reference Assemblies\Microsoft\Framework\.NETFramework\v4.0\System.Drawing.dll" /FU"C:\Program Files (x86)\Reference Assemblies\Microsoft\Framework\.NETFramework\v4.0\System.Windows.Forms.dll" /FU"C:\Program Files (x86)\Reference Assemblies\Microsoft\Framework\.NETFramework\v4.0\System.Xml.dll" /analyze- /errorReport:prompt stdafx.cpp /clr:nostdlib 
         stdafx.cpp
         C:\Program Files (x86)\Microsoft Visual Studio 10.0\VC\bin\CL.exe /c /AI"C:\Program Files (x86)\Reference Assemblies\Microsoft\Framework\.NETFramework\v4.0" /Zi /clr:pure /nologo /W3 /WX- /Od /Oy- /D WIN32 /D _DEBUG /D _UNICODE /D UNICODE /EHa /MDd /GS /fp:precise /Zc:wchar_t /Zc:forScope /Yu"StdAfx.h" /Fp"Debug\MyBrowser.pch" /Fo"Debug\\" /Fd"Debug\vc100.pdb" /TP /FU"C:\Program Files (x86)\Reference Assemblies\Microsoft\Framework\.NETFramework\v4.0\System.Core.dll" /FU"C:\Program Files (x86)\Reference Assemblies\Microsoft\Framework\.NETFramework\v4.0\System.Data.dll" /FU"C:\Program Files (x86)\Reference Assemblies\Microsoft\Framework\.NETFramework\v4.0\System.dll" /FU"C:\Program Files (x86)\Reference Assemblies\Microsoft\Framework\.NETFramework\v4.0\System.Drawing.dll" /FU"C:\Program Files (x86)\Reference Assemblies\Microsoft\Framework\.NETFramework\v4.0\System.Windows.Forms.dll" /FU"C:\Program Files (x86)\Reference Assemblies\Microsoft\Framework\.NETFramework\v4.0\System.Xml.dll" /analyze- /errorReport:prompt AssemblyInfo.cpp MyBrowser.cpp /clr:nostdlib 
         AssemblyInfo.cpp
         MyBrowser.cpp
     1>c:\users\user\desktop\assignments\sp\project\19_code\mybrowser\Recording.h(14): warning C4996: 'sprintf': This function or variable may be unsafe. Consider using sprintf_s instead. To disable deprecation, use _CRT_SECURE_NO_WARNINGS. See online help for details.
                 C:\Program Files (x86)\Microsoft Visual Studio 10.0\VC\include\stdio.h(371) : see declaration of 'sprintf'
     1>c:\users\user\desktop\assignments\sp\project\19_code\mybrowser\HMM.h(448): warning C4244: '=' : conversion from 'ld' to 'int', possible loss of data
     1>c:\users\user\desktop\assignments\sp\project\19_code\mybrowser\HMM.h(554): warning C4244: 'argument' : conversion from 'long double' to 'unsigned int', possible loss of data
     1>c:\users\user\desktop\assignments\sp\project\19_code\mybrowser\HMM.h(577): warning C4244: 'argument' : conversion from 'long double' to 'unsigned int', possible loss of data
     1>c:\users\user\desktop\assignments\sp\project\19_code\mybrowser\HMM.h(614): warning C4244: 'argument' : conversion from 'long double' to 'unsigned int', possible loss of data
     1>c:\users\user\desktop\assignments\sp\project\19_code\mybrowser\HMM.h(641): warning C4244: 'argument' : conversion from 'long double' to 'unsigned int', possible loss of data
     1>c:\users\user\desktop\assignments\sp\project\19_code\mybrowser\HMM.h(658): warning C4244: 'argument' : conversion from 'long double' to 'unsigned int', possible loss of data
     1>c:\users\user\desktop\assignments\sp\project\19_code\mybrowser\HMM.h(725): warning C4244: 'argument' : conversion from 'long double' to 'unsigned int', possible loss of data
     1>c:\users\user\desktop\assignments\sp\project\19_code\mybrowser\HMM.h(730): warning C4244: 'argument' : conversion from 'long double' to 'unsigned int', possible loss of data
     1>c:\users\user\desktop\assignments\sp\project\19_code\mybrowser\HMM.h(838): warning C4996: 'strcpy': This function or variable may be unsafe. Consider using strcpy_s instead. To disable deprecation, use _CRT_SECURE_NO_WARNINGS. See online help for details.
                 C:\Program Files (x86)\Microsoft Visual Studio 10.0\VC\include\string.h(105) : see declaration of 'strcpy'
     1>c:\users\user\desktop\assignments\sp\project\19_code\mybrowser\HMM.h(940): warning C4018: '<' : signed/unsigned mismatch
     1>c:\users\user\desktop\assignments\sp\project\19_code\mybrowser\HMM.h(966): warning C4018: '<' : signed/unsigned mismatch
     1>c:\users\user\desktop\assignments\sp\project\19_code\mybrowser\HMM.h(983): warning C4018: '<' : signed/unsigned mismatch
     1>c:\users\user\desktop\assignments\sp\project\19_code\mybrowser\yesstopstart.h(44): warning C4996: 'strcpy': This function or variable may be unsafe. Consider using strcpy_s instead. To disable deprecation, use _CRT_SECURE_NO_WARNINGS. See online help for details.
                 C:\Program Files (x86)\Microsoft Visual Studio 10.0\VC\include\string.h(105) : see declaration of 'strcpy'
         Generating Code...
         All outputs are up-to-date.
       CoreResGen:
         No resources are out of date with respect to their source files. Skipping resource generation.
       ResourceCompile:
         C:\Program Files (x86)\Microsoft SDKs\Windows\v7.0A\bin\rc.exe /D _UNICODE /D UNICODE /l"0x0409" /nologo /fo"Debug\app.res" app.rc 
       Link:
         C:\Program Files (x86)\Microsoft Visual Studio 10.0\VC\bin\link.exe /ERRORREPORT:PROMPT /OUT:"C:\Users\user\Desktop\ASSIGNMENTS\SP\PROJECT\19_CODE\Debug\MyBrowser.exe" /INCREMENTAL /NOLOGO /ASSEMBLYRESOURCE:Debug\MyBrowser.Form1.resources /MANIFEST /ManifestFile:"Debug\MyBrowser.exe.intermediate.manifest" /MANIFESTUAC:"level='asInvoker' uiAccess='false'" /DEBUG /PDB:"C:\Users\user\Desktop\ASSIGNMENTS\SP\PROJECT\19_CODE\Debug\MyBrowser.pdb" /ASSEMBLYDEBUG /SUBSYSTEM:WINDOWS /TLBID:1 /ENTRY:"main" /DYNAMICBASE /FIXED:NO /NXCOMPAT /MACHINE:X86 Debug\app.res
         Debug\AssemblyInfo.obj
         Debug\MyBrowser.obj
         Debug\stdafx.obj
         "Debug\.NETFramework,Version=v4.0.AssemblyAttributes.obj"
         MyBrowser.vcxproj -> C:\Users\user\Desktop\ASSIGNMENTS\SP\PROJECT\19_CODE\Debug\MyBrowser.exe
       Manifest:
         C:\Program Files (x86)\Microsoft SDKs\Windows\v7.0A\bin\mt.exe /nologo /verbose /outputresource:"C:\Users\user\Desktop\ASSIGNMENTS\SP\PROJECT\19_CODE\Debug\MyBrowser.exe;#1" /manifest Debug\MyBrowser.exe.intermediate.manifest
       FinalizeBuildStatus:
         Deleting file "Debug\MyBrowser.unsuccessfulbuild".
         Touching "Debug\MyBrowser.lastbuildstate".
     1>Done Building Project "C:\Users\user\Desktop\ASSIGNMENTS\SP\PROJECT\19_CODE\MyBrowser\MyBrowser.vcxproj" (build target(s)).

Build succeeded.

Time Elapsed 00:00:07.99
